<?xml version="1.0" encoding="UTF-8"?>
<!-- Generated by org.testng.reporters.JUnitXMLReporter -->
<testsuite ignored="0" hostname="rocky-NUC7i3BNH" failures="1" tests="2" name="Testing the Bing search engine using Excel data file as source" time="66.084" errors="0" timestamp="2023-10-30T14:17:32 GMT-04:00">
  <testcase classname="com.clover.solution.ui.test.TC004_check_the_search_engine_bing_exceldata" name="TC004_check_the_search_engine_bing_excel" time="62.686">
    <skipped/>
  </testcase> <!-- TC004_check_the_search_engine_bing_excel -->
  <testcase classname="com.clover.solution.ui.test.TC004_check_the_search_engine_bing_exceldata" name="TC004_check_the_search_engine_bing_excel" time="1.949">
    <failure type="java.lang.AssertionError" message="expected [Stock Markets, Business News, Financials, Earnings - CNBC] but found []">
      <![CDATA[java.lang.AssertionError: expected [Stock Markets, Business News, Financials, Earnings - CNBC] but found []
at com.clover.solution.ui.page.BasePage.assertEqual(BasePage.java:321)
at com.clover.solution.ui.page.SearchPage.searchAndAssert_bing(SearchPage.java:72)
at com.clover.solution.ui.test.TC004_check_the_search_engine_bing_exceldata.TC004_check_the_search_engine_bing_excel(TC004_check_the_search_engine_bing_exceldata.java:58)
at java.base/java.util.ArrayList.forEach(ArrayList.java:1541)
... Removed 37 stack frames]]>
    </failure>
  </testcase> <!-- TC004_check_the_search_engine_bing_excel -->
</testsuite> <!-- Testing the Bing search engine using Excel data file as source -->
