<?xml version="1.0" encoding="UTF-8"?>
<!-- Generated by org.testng.reporters.JUnitXMLReporter -->
<testsuite ignored="0" hostname="rocky-NUC7i3BNH" failures="0" tests="2" name="Testing the clover site login, validate and navigating to pricing page and valdiate" time="49.853" errors="0" timestamp="2023-10-30T13:14:57 GMT-04:00">
  <testcase classname="com.clover.solution.ui.test.TC004_check_the_Clover_Site" name="TC004_check_the_Clover_Site_JSON" time="38.538">
    <skipped/>
  </testcase> <!-- TC004_check_the_Clover_Site_JSON -->
  <testcase classname="com.clover.solution.ui.test.TC004_check_the_Clover_Site" name="TC004_check_the_Clover_Site_JSON" time="9.409"/>
</testsuite> <!-- Testing the clover site login, validate and navigating to pricing page and valdiate -->
