<?xml version="1.0" encoding="UTF-8"?>
<!-- Generated by org.testng.reporters.JUnitXMLReporter -->
<testsuite ignored="0" hostname="rocky-NUC7i3BNH" failures="0" tests="2" name="Testing the clover site login, validate and navigating to pricing page and valdiate" time="46.685" errors="0" timestamp="2023-10-31T00:03:50 GMT-04:00">
  <testcase classname="com.clover.solution.ui.test.TC004_check_the_Clover_Site" name="TC004_check_the_Clover_Site_JSON" time="37.466">
    <skipped/>
  </testcase> <!-- TC004_check_the_Clover_Site_JSON -->
  <testcase classname="com.clover.solution.ui.test.TC004_check_the_Clover_Site" name="TC004_check_the_Clover_Site_JSON" time="8.198"/>
</testsuite> <!-- Testing the clover site login, validate and navigating to pricing page and valdiate -->
