<?xml version="1.0" encoding="UTF-8"?>
<!-- Generated by org.testng.reporters.JUnitXMLReporter -->
<testsuite ignored="0" hostname="rocky-NUC7i3BNH" failures="0" tests="1" name="Testing the Bing search engine using Excel data file as source" time="3.937" errors="0" timestamp="2023-10-30T13:15:01 GMT-04:00">
  <testcase classname="com.clover.solution.ui.test.TC004_check_the_search_engine_bing_exceldata" name="TC004_check_the_search_engine_bing_excel" time="3.708"/>
</testsuite> <!-- Testing the Bing search engine using Excel data file as source -->
