<?xml version="1.0" encoding="UTF-8"?>
<!-- Generated by org.testng.reporters.JUnitXMLReporter -->
<testsuite ignored="0" hostname="rocky-NUC7i3BNH" failures="0" tests="1" name="Testing the Google search engine using JSON data file as source" time="8.486" errors="0" timestamp="2023-10-30T14:15:23 GMT-04:00">
  <testcase classname="com.clover.solution.ui.test.TC001_check_the_search_engine_google_JSON" name="TC001_check_the_search_engine_google_JSON" time="5.861"/>
</testsuite> <!-- Testing the Google search engine using JSON data file as source -->
