<?xml version="1.0" encoding="UTF-8"?>
<!-- Generated by org.testng.reporters.JUnitXMLReporter -->
<testsuite ignored="0" hostname="rocky-NUC7i3BNH" failures="0" tests="2" name="Testing the Google search engine using direct data by calling detailed method in page class" time="8.555" errors="0" timestamp="2023-10-30T14:15:32 GMT-04:00">
  <testcase classname="com.clover.solution.ui.test.TC002_check_the_search_engine_Google_Normal" name="TC002_check_the_search_engine_Google_Normal1" time="4.406"/>
  <testcase classname="com.clover.solution.ui.test.TC002_check_the_search_engine_Google_Normal" name="TC003_check_the_search_engine_Google_type2" time="4.03"/>
</testsuite> <!-- Testing the Google search engine using direct data by calling detailed method in page class -->
