<?xml version="1.0" encoding="UTF-8"?>
<!-- Generated by org.testng.reporters.JUnitXMLReporter -->
<testsuite ignored="0" hostname="rocky-NUC7i3BNH" failures="0" tests="1" name="Testing the Google search engine using the declared method in page class from test" time="4.435" errors="0" timestamp="2023-10-30T13:14:07 GMT-04:00">
  <testcase classname="com.clover.solution.ui.test.TC003_check_the_search_engine_Google_type2" name="TC003_check_the_search_engine_Google_type" time="4.374"/>
</testsuite> <!-- Testing the Google search engine using the declared method in page class from test -->
