<?xml version="1.0" encoding="UTF-8"?>
<testsuite xmlns:xsi="http://www.w3.org/2001/XMLSchema-instance" xsi:noNamespaceSchemaLocation="https://maven.apache.org/surefire/maven-surefire-plugin/xsd/surefire-test-report-3.0.xsd" version="3.0" name="TestSuite" time="71.144" tests="8" errors="0" skipped="2" failures="1">
  <properties>
[...]
</properties>
  <testcase name="TC001_check_the_search_engine_google_JSON[public void com.clover.solution.ui.test.TC001_check_the_search_engine_google_JSON.TC001_check_the_search_engine_google_JSON(java.lang.reflect.Method)](1)" classname="com.clover.solution.ui.test.TC001_check_the_search_engine_google_JSON" time="4.009">
    <system-out><![CDATA[2023-10-31 00:02:47 INFO  Log:14 - BaseTest-Creating the --ConfigProvider-- object for whole test execution flow
2023-10-31 00:02:47 INFO  Log:14 - BaseTest-Creating the --DriverManager-- object for whoel test execution flow
2023-10-31 00:02:47 INFO  Log:14 - BaseTest-Creating the --ConfigProvider-- object for whole test execution flow
2023-10-31 00:02:47 INFO  Log:14 - BaseTest-Creating the --DriverManager-- object for whoel test execution flow
2023-10-31 00:02:47 INFO  Log:14 - BaseTest-Creating the --ConfigProvider-- object for whole test execution flow
2023-10-31 00:02:47 INFO  Log:14 - BaseTest-Creating the --DriverManager-- object for whoel test execution flow
2023-10-31 00:02:47 INFO  Log:14 - BaseTest-Creating the --ConfigProvider-- object for whole test execution flow
2023-10-31 00:02:47 INFO  Log:14 - BaseTest-Creating the --DriverManager-- object for whoel test execution flow
2023-10-31 00:02:47 INFO  Log:14 - BaseTest-Creating the --ConfigProvider-- object for whole test execution flow
2023-10-31 00:02:47 INFO  Log:14 - BaseTest-Creating the --DriverManager-- object for whoel test execution flow
2023-10-31 00:02:47 INFO  Log:14 - BaseTest-Creating the --ConfigProvider-- object for whole test execution flow
2023-10-31 00:02:47 INFO  Log:14 - BaseTest-Creating the --DriverManager-- object for whoel test execution flow
2023-10-31 00:02:47 INFO  Log:14 - I am in onStart method Testing the Google search engine using JSON data file as source
2023-10-31 00:02:47 INFO  Log:14 - ConfigProvider - getAsString: parameter = CHROMEHEADLESS
2023-10-31 00:02:50 INFO  Log:14 - DriverManager-Setting up the Timeouts & window Maximize
2023-10-31 00:02:50 INFO  Log:14 - ConfigProvider - getAsString: parameter = 30
2023-10-31 00:02:50 INFO  Log:14 - ConfigProvider - getAsString: parameter = 30
2023-10-31 00:02:50 INFO  Log:14 - DriverManager-Inilizing the Browser configuration
2023-10-31 00:02:50 INFO  Log:14 - DriverManager-Inilizing the Master Driver thread
2023-10-31 00:02:50 INFO  Log:14 - Tests is starting!
2023-10-31 00:02:50 INFO  Log:14 - Starting the Test & Opening up the WebDriver
2023-10-31 00:02:50 INFO  Log:14 - ConfigProvider - getAsString: parameter = 30
2023-10-31 00:02:50 INFO  Log:14 - ConfigProvider - getAsString: parameter = 1
2023-10-31 00:02:50 INFO  Log:14 - ConfigProvider - getAsString: parameter = 30
2023-10-31 00:02:50 INFO  Log:14 - ConfigProvider - getAsString: parameter = 1
2023-10-31 00:02:50 INFO  Log:14 - ConfigProvider - getAsString: parameter = 30
2023-10-31 00:02:50 INFO  Log:14 - ConfigProvider - getAsString: parameter = 1
2023-10-31 00:02:50 INFO  Log:14 - ConfigProvider - getAsString: parameter = 30
2023-10-31 00:02:50 INFO  Log:14 - ConfigProvider - getAsString: parameter = 1
2023-10-31 00:02:50 INFO  Log:14 - ConfigProvider - getAsString: parameter = 15
2023-10-31 00:02:50 INFO  Log:14 - ConfigProvider - getAsString: parameter = 1
2023-10-31 00:02:50 INFO  Log:14 - ConfigProvider - getAsString: parameter = 30
2023-10-31 00:02:50 INFO  Log:14 - ConfigProvider - getAsString: parameter = 1
2023-10-31 00:02:50 INFO  Log:14 - ConfigProvider - getAsString: parameter = 30
2023-10-31 00:02:50 INFO  Log:14 - ConfigProvider - getAsString: parameter = 1
2023-10-31 00:02:50 INFO  Log:14 - ConfigProvider - getAsString: parameter = 30
2023-10-31 00:02:50 INFO  Log:14 - ConfigProvider - getAsString: parameter = 1
2023-10-31 00:02:50 INFO  Log:14 - com.clover.solution.ui.page.SearchPageCreating page constractor and its super
2023-10-31 00:02:50 INFO  Log:14 - Clearing the cookies
2023-10-31 00:02:50 INFO  Log:14 - TC001_check_the_search_engine_google_JSON test is starting.
2023-10-31 00:02:50 INFO  Log:14 - JSON file reader from path - /media/rocky/81e509c3-f680-4aca-ae97-4b9ba8161528/Workspace-SeleniumKarate/clover.solution.ui/src//main//java//com//clover//solution//ui//data//TC001_check_the_search_engine_google_JSON.json
[{"engine_url_variable":"googleUrl","password":"password","browser":"CHROME","search_assert_value":"CNBC: Stock Markets, Business News, Financials, Earnings","env":"test","search_string":"cnbc","username":"username"},{"engine_url_variable":"googleUrl","password":"password","browser":"CHROME","search_assert_value":"CNBC: Stock Markets, Business News, Financials, Earnings","env":"test","search_string":"cnbc","username":"username"}]
2023-10-31 00:02:50 INFO  Log:14 - Adding Key and Value from JSON file - engine_url_variable=googleUrl
2023-10-31 00:02:50 INFO  Log:14 - Adding Key and Value from JSON file - password=password
2023-10-31 00:02:50 INFO  Log:14 - Adding Key and Value from JSON file - browser=CHROME
2023-10-31 00:02:50 INFO  Log:14 - Adding Key and Value from JSON file - search_assert_value=CNBC: Stock Markets, Business News, Financials, Earnings
2023-10-31 00:02:50 INFO  Log:14 - Adding Key and Value from JSON file - env=test
2023-10-31 00:02:50 INFO  Log:14 - Adding Key and Value from JSON file - search_string=cnbc
2023-10-31 00:02:50 INFO  Log:14 - Adding Key and Value from JSON file - username=username
2023-10-31 00:02:50 INFO  Log:14 - Adding the hashmap value to LinkedList - {engine_url_variable=googleUrl, password=password, browser=CHROME, search_assert_value=CNBC: Stock Markets, Business News, Financials, Earnings, env=test, search_string=cnbc, username=username}
2023-10-31 00:02:50 INFO  Log:14 - Adding Key and Value from JSON file - engine_url_variable=googleUrl
2023-10-31 00:02:50 INFO  Log:14 - Adding Key and Value from JSON file - password=password
2023-10-31 00:02:50 INFO  Log:14 - Adding Key and Value from JSON file - browser=CHROME
2023-10-31 00:02:50 INFO  Log:14 - Adding Key and Value from JSON file - search_assert_value=CNBC: Stock Markets, Business News, Financials, Earnings
2023-10-31 00:02:50 INFO  Log:14 - Adding Key and Value from JSON file - env=test
2023-10-31 00:02:50 INFO  Log:14 - Adding Key and Value from JSON file - search_string=cnbc
2023-10-31 00:02:50 INFO  Log:14 - Adding Key and Value from JSON file - username=username
2023-10-31 00:02:50 INFO  Log:14 - Adding the hashmap value to LinkedList - {engine_url_variable=googleUrl, password=password, browser=CHROME, search_assert_value=CNBC: Stock Markets, Business News, Financials, Earnings, env=test, search_string=cnbc, username=username}
2023-10-31 00:02:51 INFO  Log:14 - ConfigProvider - getAsString: parameter = https://google.com
2023-10-31 00:02:54 INFO  Log:14 - AssertEquals: Actual - CNBC: Stock Markets, Business News, Financials, Earnings
2023-10-31 00:02:54 INFO  Log:14 - AssertEquals: Expected - CNBC: Stock Markets, Business News, Financials, Earnings
2023-10-31 00:02:54 INFO  Log:14 - TC001_check_the_search_engine_google_JSON test is succeed.
]]></system-out>
    <system-err><![CDATA[SLF4J: Failed to load class "org.slf4j.impl.StaticLoggerBinder".
SLF4J: Defaulting to no-operation (NOP) logger implementation
SLF4J: See http://www.slf4j.org/codes.html#StaticLoggerBinder for further details.
ERROR StatusLogger Log4j2 could not find a logging implementation. Please add log4j-core to the classpath. Using SimpleLogger to log to the console...
Starting ChromeDriver 114.0.5735.90 (386bc09e8f4f2e025eddae123f36f6263096ae49-refs/branch-heads/5735@{#1052}) on port 19608
Only local connections are allowed.
Please see https://chromedriver.chromium.org/security-considerations for suggestions on keeping ChromeDriver safe.
ChromeDriver was started successfully.
Oct 31, 2023 12:02:50 AM org.openqa.selenium.devtools.CdpVersionFinder findNearestMatch
WARNING: Unable to find CDP implementation matching 114
Oct 31, 2023 12:02:50 AM org.openqa.selenium.chromium.ChromiumDriver lambda$new$3
WARNING: Unable to find version of CDP to use for . You may need to include a dependency on a specific version of the CDP using something similar to `org.seleniumhq.selenium:selenium-devtools-v86:4.8.0` where the version ("v86") matches the version of the chromium-based browser you're using and the version number of the artifact is the same as Selenium's.
]]></system-err>
  </testcase>
  <testcase name="TC002_check_the_search_engine_Google_Normal1[public void com.clover.solution.ui.test.TC002_check_the_search_engine_Google_Normal.TC002_check_the_search_engine_Google_Normal1(java.lang.reflect.Method)](1)" classname="com.clover.solution.ui.test.TC002_check_the_search_engine_Google_Normal" time="2.709">
    <system-out><![CDATA[2023-10-31 00:02:54 INFO  Log:14 - Clearing the cookies
2023-10-31 00:02:54 INFO  Log:14 - WebDriver is cooling down
2023-10-31 00:02:54 INFO  Log:14 - I am in onFinish method Testing the Google search engine using JSON data file as source
2023-10-31 00:02:54 INFO  Log:14 - I am in onStart method Testing the Google search engine using direct data by calling detailed method in page class
2023-10-31 00:02:54 INFO  Log:14 - Tests is starting!
2023-10-31 00:02:54 INFO  Log:14 - Starting the Test & Opening up the WebDriver
2023-10-31 00:02:54 INFO  Log:14 - ConfigProvider - getAsString: parameter = 30
2023-10-31 00:02:54 INFO  Log:14 - ConfigProvider - getAsString: parameter = 1
2023-10-31 00:02:54 INFO  Log:14 - com.clover.solution.ui.page.SearchPageCreating page constractor and its super
2023-10-31 00:02:54 INFO  Log:14 - Clearing the cookies
2023-10-31 00:02:54 INFO  Log:14 - TC002_check_the_search_engine_Google_Normal1 test is starting.
2023-10-31 00:02:54 INFO  Log:14 - ConfigProvider - getAsString: parameter = https://google.com
2023-10-31 00:02:57 INFO  Log:14 - AssertEquals: Actual - CNBC: Stock Markets, Business News, Financials, Earnings
2023-10-31 00:02:57 INFO  Log:14 - AssertEquals: Expected - CNBC: Stock Markets, Business News, Financials, Earnings
2023-10-31 00:02:57 INFO  Log:14 - TC002_check_the_search_engine_Google_Normal1 test is succeed.
]]></system-out>
  </testcase>
  <testcase name="TC003_check_the_search_engine_Google_type2[public void com.clover.solution.ui.test.TC002_check_the_search_engine_Google_Normal.TC003_check_the_search_engine_Google_type2(java.lang.reflect.Method)](1)" classname="com.clover.solution.ui.test.TC002_check_the_search_engine_Google_Normal" time="3.183">
    <system-out><![CDATA[2023-10-31 00:02:57 INFO  Log:14 - Clearing the cookies
2023-10-31 00:02:57 INFO  Log:14 - WebDriver is cooling down
2023-10-31 00:02:57 INFO  Log:14 - Tests is starting!
2023-10-31 00:02:57 INFO  Log:14 - Starting the Test & Opening up the WebDriver
2023-10-31 00:02:57 INFO  Log:14 - ConfigProvider - getAsString: parameter = 30
2023-10-31 00:02:57 INFO  Log:14 - ConfigProvider - getAsString: parameter = 1
2023-10-31 00:02:57 INFO  Log:14 - com.clover.solution.ui.page.SearchPageCreating page constractor and its super
2023-10-31 00:02:57 INFO  Log:14 - Clearing the cookies
2023-10-31 00:02:57 INFO  Log:14 - TC003_check_the_search_engine_Google_type2 test is starting.
2023-10-31 00:02:57 INFO  Log:14 - ConfigProvider - getAsString: parameter = https://google.com
2023-10-31 00:03:00 INFO  Log:14 - AssertEquals: Actual - CNBC: Stock Markets, Business News, Financials, Earnings
2023-10-31 00:03:00 INFO  Log:14 - AssertEquals: Expected - CNBC: Stock Markets, Business News, Financials, Earnings
2023-10-31 00:03:00 INFO  Log:14 - TC003_check_the_search_engine_Google_type2 test is succeed.
]]></system-out>
  </testcase>
  <testcase name="TC003_check_the_search_engine_Google_type[public void com.clover.solution.ui.test.TC003_check_the_search_engine_Google_type2.TC003_check_the_search_engine_Google_type(java.lang.reflect.Method)](1)" classname="com.clover.solution.ui.test.TC003_check_the_search_engine_Google_type2" time="3.148">
    <system-out><![CDATA[2023-10-31 00:03:00 INFO  Log:14 - Clearing the cookies
2023-10-31 00:03:00 INFO  Log:14 - WebDriver is cooling down
2023-10-31 00:03:00 INFO  Log:14 - I am in onFinish method Testing the Google search engine using direct data by calling detailed method in page class
2023-10-31 00:03:00 INFO  Log:14 - I am in onStart method Testing the Google search engine using the declared method in page class from test
2023-10-31 00:03:00 INFO  Log:14 - Tests is starting!
2023-10-31 00:03:00 INFO  Log:14 - Starting the Test & Opening up the WebDriver
2023-10-31 00:03:00 INFO  Log:14 - ConfigProvider - getAsString: parameter = 30
2023-10-31 00:03:00 INFO  Log:14 - ConfigProvider - getAsString: parameter = 1
2023-10-31 00:03:00 INFO  Log:14 - com.clover.solution.ui.page.SearchPageCreating page constractor and its super
2023-10-31 00:03:00 INFO  Log:14 - Clearing the cookies
2023-10-31 00:03:00 INFO  Log:14 - TC003_check_the_search_engine_Google_type test is starting.
2023-10-31 00:03:00 INFO  Log:14 - ConfigProvider - getAsString: parameter = https://google.com
2023-10-31 00:03:03 INFO  Log:14 - AssertEquals: Actual - CNBC: Stock Markets, Business News, Financials, Earnings
2023-10-31 00:03:03 INFO  Log:14 - AssertEquals: Expected - CNBC: Stock Markets, Business News, Financials, Earnings
2023-10-31 00:03:03 INFO  Log:14 - TC003_check_the_search_engine_Google_type test is succeed.
]]></system-out>
  </testcase>
  <testcase name="TC004_check_the_Clover_Site_JSON[public void com.clover.solution.ui.test.TC004_check_the_Clover_Site.TC004_check_the_Clover_Site_JSON(java.lang.reflect.Method)](1)" classname="com.clover.solution.ui.test.TC004_check_the_Clover_Site" time="0.0">
    <skipped message="expected [Find the right solution to power your business] but found [ERROR]"/>
    <system-out><![CDATA[2023-10-31 00:03:03 INFO  Log:14 - Clearing the cookies
2023-10-31 00:03:03 INFO  Log:14 - WebDriver is cooling down
2023-10-31 00:03:03 INFO  Log:14 - I am in onFinish method Testing the Google search engine using the declared method in page class from test
2023-10-31 00:03:03 INFO  Log:14 - I am in onStart method Testing the clover site login, validate and navigating to pricing page and valdiate
2023-10-31 00:03:03 INFO  Log:14 - Tests is starting!
2023-10-31 00:03:03 INFO  Log:14 - Starting the Test & Opening up the WebDriver
2023-10-31 00:03:03 INFO  Log:14 - ConfigProvider - getAsString: parameter = 30
2023-10-31 00:03:03 INFO  Log:14 - ConfigProvider - getAsString: parameter = 1
2023-10-31 00:03:03 INFO  Log:14 - com.clover.solution.ui.page.CloverPageCreating page constractor and its super
2023-10-31 00:03:03 INFO  Log:14 - Clearing the cookies
2023-10-31 00:03:03 INFO  Log:14 - TC004_check_the_Clover_Site_JSON test is starting.
2023-10-31 00:03:03 INFO  Log:14 - JSON file reader from path - /media/rocky/81e509c3-f680-4aca-ae97-4b9ba8161528/Workspace-SeleniumKarate/clover.solution.ui/src//main//java//com//clover//solution//ui//data//TC004_check_the_Clover_Site_JSON.json
[{"engine_url_variable":"cloverUrl","password":"password","ExpectedPricingString":"Find the right solution to power your business","UrlContians":"www.clover.com","pageTitle":"Clover","browser":"CHROME","search_assert_value":"The all\u2011in\u2011one system to help your business thrive","env":"test","search_string":"cnbc","username":"username"}]
2023-10-31 00:03:03 INFO  Log:14 - Adding Key and Value from JSON file - engine_url_variable=cloverUrl
2023-10-31 00:03:03 INFO  Log:14 - Adding Key and Value from JSON file - password=password
2023-10-31 00:03:03 INFO  Log:14 - Adding Key and Value from JSON file - ExpectedPricingString=Find the right solution to power your business
2023-10-31 00:03:03 INFO  Log:14 - Adding Key and Value from JSON file - UrlContians=www.clover.com
2023-10-31 00:03:03 INFO  Log:14 - Adding Key and Value from JSON file - pageTitle=Clover
2023-10-31 00:03:03 INFO  Log:14 - Adding Key and Value from JSON file - browser=CHROME
2023-10-31 00:03:03 INFO  Log:14 - Adding Key and Value from JSON file - search_assert_value=The all‑in‑one system to help your business thrive
2023-10-31 00:03:03 INFO  Log:14 - Adding Key and Value from JSON file - env=test
2023-10-31 00:03:03 INFO  Log:14 - Adding Key and Value from JSON file - search_string=cnbc
2023-10-31 00:03:03 INFO  Log:14 - Adding Key and Value from JSON file - username=username
2023-10-31 00:03:03 INFO  Log:14 - Adding the hashmap value to LinkedList - {engine_url_variable=cloverUrl, password=password, ExpectedPricingString=Find the right solution to power your business, UrlContians=www.clover.com, pageTitle=Clover, browser=CHROME, search_assert_value=The all‑in‑one system to help your business thrive, env=test, search_string=cnbc, username=username}
2023-10-31 00:03:03 INFO  Log:14 - ConfigProvider - getAsString: parameter = https://clover.com
2023-10-31 00:03:10 INFO  Log:14 - AssertPageTitle: Actual - Credit Card Processing for Small Businesses | POS Solutions | Clover
2023-10-31 00:03:10 INFO  Log:14 - AssertPageTitle: Expected - Clover
2023-10-31 00:03:10 INFO  Log:14 - AssertPageURL: Actual - https://www.clover.com/
2023-10-31 00:03:10 INFO  Log:14 - AssertPageURL: Expected - www.clover.com
2023-10-31 00:03:10 INFO  Log:14 - AssertEquals: Actual - The all‑in‑one system to help your business thrive
2023-10-31 00:03:10 INFO  Log:14 - AssertEquals: Expected - The all‑in‑one system to help your business thrive
2023-10-31 00:03:10 INFO  Log:14 - ConfigProvider - getAsString: parameter = CHROMEHEADLESS
2023-10-31 00:03:41 ERROR Log:24 - Error in getElement with Expected Condition
2023-10-31 00:03:41 ERROR Log:24 - com.clover.solution.ui.page.CloverPage-Exception in clickTheElementnull
2023-10-31 00:03:41 INFO  Log:14 - AssertEquals: Actual - ERROR
2023-10-31 00:03:41 INFO  Log:14 - AssertEquals: Expected - Find the right solution to power your business
2023-10-31 00:03:41 INFO  Log:14 - TC004_check_the_Clover_Site_JSON test is skipped.
]]></system-out>
  </testcase>
  <testcase name="TC004_check_the_Clover_Site_JSON[public void com.clover.solution.ui.test.TC004_check_the_Clover_Site.TC004_check_the_Clover_Site_JSON(java.lang.reflect.Method)](2)" classname="com.clover.solution.ui.test.TC004_check_the_Clover_Site" time="8.198">
    <system-out><![CDATA[2023-10-31 00:03:41 INFO  Log:14 - Clearing the cookies
2023-10-31 00:03:41 INFO  Log:14 - WebDriver is cooling down
2023-10-31 00:03:41 INFO  Log:14 - Tests is starting!
2023-10-31 00:03:41 INFO  Log:14 - Starting the Test & Opening up the WebDriver
2023-10-31 00:03:41 INFO  Log:14 - ConfigProvider - getAsString: parameter = 30
2023-10-31 00:03:41 INFO  Log:14 - ConfigProvider - getAsString: parameter = 1
2023-10-31 00:03:41 INFO  Log:14 - com.clover.solution.ui.page.CloverPageCreating page constractor and its super
2023-10-31 00:03:41 INFO  Log:14 - Clearing the cookies
2023-10-31 00:03:41 INFO  Log:14 - TC004_check_the_Clover_Site_JSON test is starting.
2023-10-31 00:03:41 INFO  Log:14 - JSON file reader from path - /media/rocky/81e509c3-f680-4aca-ae97-4b9ba8161528/Workspace-SeleniumKarate/clover.solution.ui/src//main//java//com//clover//solution//ui//data//TC004_check_the_Clover_Site_JSON.json
[{"engine_url_variable":"cloverUrl","password":"password","ExpectedPricingString":"Find the right solution to power your business","UrlContians":"www.clover.com","pageTitle":"Clover","browser":"CHROME","search_assert_value":"The all\u2011in\u2011one system to help your business thrive","env":"test","search_string":"cnbc","username":"username"}]
2023-10-31 00:03:41 INFO  Log:14 - Adding Key and Value from JSON file - engine_url_variable=cloverUrl
2023-10-31 00:03:41 INFO  Log:14 - Adding Key and Value from JSON file - password=password
2023-10-31 00:03:41 INFO  Log:14 - Adding Key and Value from JSON file - ExpectedPricingString=Find the right solution to power your business
2023-10-31 00:03:41 INFO  Log:14 - Adding Key and Value from JSON file - UrlContians=www.clover.com
2023-10-31 00:03:41 INFO  Log:14 - Adding Key and Value from JSON file - pageTitle=Clover
2023-10-31 00:03:41 INFO  Log:14 - Adding Key and Value from JSON file - browser=CHROME
2023-10-31 00:03:41 INFO  Log:14 - Adding Key and Value from JSON file - search_assert_value=The all‑in‑one system to help your business thrive
2023-10-31 00:03:41 INFO  Log:14 - Adding Key and Value from JSON file - env=test
2023-10-31 00:03:41 INFO  Log:14 - Adding Key and Value from JSON file - search_string=cnbc
2023-10-31 00:03:41 INFO  Log:14 - Adding Key and Value from JSON file - username=username
2023-10-31 00:03:41 INFO  Log:14 - Adding the hashmap value to LinkedList - {engine_url_variable=cloverUrl, password=password, ExpectedPricingString=Find the right solution to power your business, UrlContians=www.clover.com, pageTitle=Clover, browser=CHROME, search_assert_value=The all‑in‑one system to help your business thrive, env=test, search_string=cnbc, username=username}
2023-10-31 00:03:41 INFO  Log:14 - ConfigProvider - getAsString: parameter = https://clover.com
2023-10-31 00:03:47 INFO  Log:14 - AssertPageTitle: Actual - Credit Card Processing for Small Businesses | POS Solutions | Clover
2023-10-31 00:03:47 INFO  Log:14 - AssertPageTitle: Expected - Clover
2023-10-31 00:03:47 INFO  Log:14 - AssertPageURL: Actual - https://www.clover.com/
2023-10-31 00:03:47 INFO  Log:14 - AssertPageURL: Expected - www.clover.com
2023-10-31 00:03:47 INFO  Log:14 - AssertEquals: Actual - The all‑in‑one system to help your business thrive
2023-10-31 00:03:47 INFO  Log:14 - AssertEquals: Expected - The all‑in‑one system to help your business thrive
2023-10-31 00:03:47 INFO  Log:14 - ConfigProvider - getAsString: parameter = CHROMEHEADLESS
2023-10-31 00:03:50 INFO  Log:14 - AssertEquals: Actual - Find the right solution to power your business
2023-10-31 00:03:50 INFO  Log:14 - AssertEquals: Expected - Find the right solution to power your business
2023-10-31 00:03:50 INFO  Log:14 - TC004_check_the_Clover_Site_JSON test is succeed.
]]></system-out>
  </testcase>
  <testcase name="TC004_check_the_search_engine_bing_excel[public void com.clover.solution.ui.test.TC004_check_the_search_engine_bing_exceldata.TC004_check_the_search_engine_bing_excel(java.lang.reflect.Method)](1)" classname="com.clover.solution.ui.test.TC004_check_the_search_engine_bing_exceldata" time="0.0">
    <skipped message="expected [Stock Markets, Business News, Financials, Earnings - CNBC] but found []"/>
    <system-out><![CDATA[2023-10-31 00:03:50 INFO  Log:14 - Clearing the cookies
2023-10-31 00:03:50 INFO  Log:14 - WebDriver is cooling down
2023-10-31 00:03:50 INFO  Log:14 - I am in onFinish method Testing the clover site login, validate and navigating to pricing page and valdiate
2023-10-31 00:03:50 INFO  Log:14 - I am in onStart method Testing the Bing search engine using Excel data file as source
2023-10-31 00:03:50 INFO  Log:14 - Tests is starting!
2023-10-31 00:03:50 INFO  Log:14 - Starting the Test & Opening up the WebDriver
2023-10-31 00:03:50 INFO  Log:14 - ConfigProvider - getAsString: parameter = 30
2023-10-31 00:03:50 INFO  Log:14 - ConfigProvider - getAsString: parameter = 1
2023-10-31 00:03:50 INFO  Log:14 - com.clover.solution.ui.page.SearchPageCreating page constractor and its super
2023-10-31 00:03:50 INFO  Log:14 - Clearing the cookies
2023-10-31 00:03:50 INFO  Log:14 - TC004_check_the_search_engine_bing_excel test is starting.
2023-10-31 00:03:51 INFO  Log:14 - Reading from Excelengine_url_variable=googleUrl
2023-10-31 00:03:51 INFO  Log:14 - Reading from Excelsearch_string=cnbc
2023-10-31 00:03:51 INFO  Log:14 - Reading from Excelsearch_assert_value=CNBC: Stock Markets, Business News, Financials, Earnings
2023-10-31 00:03:51 INFO  Log:14 - Reading from ExcelpageTitle=test
2023-10-31 00:03:51 INFO  Log:14 - Reading from ExcelUrlContians=UrlContians
2023-10-31 00:03:51 INFO  Log:14 - Adding to Excel LinkedHashMap{engine_url_variable=googleUrl, search_string=cnbc, search_assert_value=CNBC: Stock Markets, Business News, Financials, Earnings, pageTitle=test, UrlContians=UrlContians}
2023-10-31 00:03:51 INFO  Log:14 - Reading from Excelengine_url_variable=bingUrl
2023-10-31 00:03:51 INFO  Log:14 - Reading from Excelsearch_string=cnbc
2023-10-31 00:03:51 INFO  Log:14 - Reading from Excelsearch_assert_value=Stock Markets, Business News, Financials, Earnings - CNBC
2023-10-31 00:03:51 INFO  Log:14 - Reading from ExcelpageTitle=test
2023-10-31 00:03:51 INFO  Log:14 - Reading from ExcelUrlContians=UrlContians
2023-10-31 00:03:51 INFO  Log:14 - Adding to Excel LinkedHashMap{engine_url_variable=bingUrl, search_string=cnbc, search_assert_value=Stock Markets, Business News, Financials, Earnings - CNBC, pageTitle=test, UrlContians=UrlContians}
2023-10-31 00:03:51 INFO  Log:14 - ConfigProvider - getAsString: parameter = https://bing.com
2023-10-31 00:03:53 INFO  Log:14 - AssertEquals: Actual - 
2023-10-31 00:03:53 INFO  Log:14 - AssertEquals: Expected - Stock Markets, Business News, Financials, Earnings - CNBC
2023-10-31 00:03:53 INFO  Log:14 - TC004_check_the_search_engine_bing_excel test is skipped.
]]></system-out>
  </testcase>
  <testcase name="TC004_check_the_search_engine_bing_excel[public void com.clover.solution.ui.test.TC004_check_the_search_engine_bing_exceldata.TC004_check_the_search_engine_bing_excel(java.lang.reflect.Method)](2)" classname="com.clover.solution.ui.test.TC004_check_the_search_engine_bing_exceldata" time="2.214">
    <failure message="expected [Stock Markets, Business News, Financials, Earnings - CNBC] but found []" type="java.lang.AssertionError"><![CDATA[java.lang.AssertionError: expected [Stock Markets, Business News, Financials, Earnings - CNBC] but found []
	at org.testng.Assert.fail(Assert.java:110)
	at org.testng.Assert.failNotEquals(Assert.java:1577)
	at org.testng.Assert.assertEqualsImpl(Assert.java:149)
	at org.testng.Assert.assertEquals(Assert.java:131)
	at org.testng.Assert.assertEquals(Assert.java:655)
	at org.testng.Assert.assertEquals(Assert.java:665)
	at com.clover.solution.ui.page.BasePage.assertEqual(BasePage.java:321)
	at com.clover.solution.ui.page.SearchPage.searchAndAssert_bing(SearchPage.java:72)
	at com.clover.solution.ui.test.TC004_check_the_search_engine_bing_exceldata.TC004_check_the_search_engine_bing_excel(TC004_check_the_search_engine_bing_exceldata.java:58)
	at java.base/jdk.internal.reflect.NativeMethodAccessorImpl.invoke0(Native Method)
	at java.base/jdk.internal.reflect.NativeMethodAccessorImpl.invoke(NativeMethodAccessorImpl.java:62)
	at java.base/jdk.internal.reflect.DelegatingMethodAccessorImpl.invoke(DelegatingMethodAccessorImpl.java:43)
	at java.base/java.lang.reflect.Method.invoke(Method.java:566)
	at org.testng.internal.invokers.MethodInvocationHelper.invokeMethod(MethodInvocationHelper.java:139)
	at org.testng.internal.invokers.TestInvoker.invokeMethod(TestInvoker.java:677)
	at org.testng.internal.invokers.TestInvoker.retryFailed(TestInvoker.java:263)
	at org.testng.internal.invokers.MethodRunner.runInSequence(MethodRunner.java:62)
	at org.testng.internal.invokers.TestInvoker$MethodInvocationAgent.invoke(TestInvoker.java:969)
	at org.testng.internal.invokers.TestInvoker.invokeTestMethods(TestInvoker.java:194)
	at org.testng.internal.invokers.TestMethodWorker.invokeTestMethods(TestMethodWorker.java:148)
	at org.testng.internal.invokers.TestMethodWorker.run(TestMethodWorker.java:128)
	at java.base/java.util.ArrayList.forEach(ArrayList.java:1541)
	at org.testng.TestRunner.privateRun(TestRunner.java:829)
	at org.testng.TestRunner.run(TestRunner.java:602)
	at org.testng.SuiteRunner.runTest(SuiteRunner.java:437)
	at org.testng.SuiteRunner.runSequentially(SuiteRunner.java:431)
	at org.testng.SuiteRunner.privateRun(SuiteRunner.java:391)
	at org.testng.SuiteRunner.run(SuiteRunner.java:330)
	at org.testng.SuiteRunnerWorker.runSuite(SuiteRunnerWorker.java:52)
	at org.testng.SuiteRunnerWorker.run(SuiteRunnerWorker.java:95)
	at org.testng.TestNG.runSuitesSequentially(TestNG.java:1256)
	at org.testng.TestNG.runSuitesLocally(TestNG.java:1176)
	at org.testng.TestNG.runSuites(TestNG.java:1099)
	at org.testng.TestNG.run(TestNG.java:1067)
	at org.apache.maven.surefire.testng.TestNGExecutor.run(TestNGExecutor.java:308)
	at org.apache.maven.surefire.testng.TestNGXmlTestSuite.execute(TestNGXmlTestSuite.java:71)
	at org.apache.maven.surefire.testng.TestNGProvider.invoke(TestNGProvider.java:113)
	at org.apache.maven.surefire.booter.ForkedBooter.runSuitesInProcess(ForkedBooter.java:385)
	at org.apache.maven.surefire.booter.ForkedBooter.execute(ForkedBooter.java:162)
	at org.apache.maven.surefire.booter.ForkedBooter.run(ForkedBooter.java:507)
	at org.apache.maven.surefire.booter.ForkedBooter.main(ForkedBooter.java:495)
]]></failure>
    <system-out><![CDATA[2023-10-31 00:03:54 INFO  Log:14 - Clearing the cookies
2023-10-31 00:03:54 INFO  Log:14 - WebDriver is cooling down
2023-10-31 00:03:54 INFO  Log:14 - Tests is starting!
2023-10-31 00:03:54 INFO  Log:14 - Starting the Test & Opening up the WebDriver
2023-10-31 00:03:54 INFO  Log:14 - ConfigProvider - getAsString: parameter = 30
2023-10-31 00:03:54 INFO  Log:14 - ConfigProvider - getAsString: parameter = 1
2023-10-31 00:03:54 INFO  Log:14 - com.clover.solution.ui.page.SearchPageCreating page constractor and its super
2023-10-31 00:03:54 INFO  Log:14 - Clearing the cookies
2023-10-31 00:03:54 INFO  Log:14 - TC004_check_the_search_engine_bing_excel test is starting.
2023-10-31 00:03:54 INFO  Log:14 - Reading from Excelengine_url_variable=googleUrl
2023-10-31 00:03:54 INFO  Log:14 - Reading from Excelsearch_string=cnbc
2023-10-31 00:03:54 INFO  Log:14 - Reading from Excelsearch_assert_value=CNBC: Stock Markets, Business News, Financials, Earnings
2023-10-31 00:03:54 INFO  Log:14 - Reading from ExcelpageTitle=test
2023-10-31 00:03:54 INFO  Log:14 - Reading from ExcelUrlContians=UrlContians
2023-10-31 00:03:54 INFO  Log:14 - Adding to Excel LinkedHashMap{engine_url_variable=googleUrl, search_string=cnbc, search_assert_value=CNBC: Stock Markets, Business News, Financials, Earnings, pageTitle=test, UrlContians=UrlContians}
2023-10-31 00:03:54 INFO  Log:14 - Reading from Excelengine_url_variable=bingUrl
2023-10-31 00:03:54 INFO  Log:14 - Reading from Excelsearch_string=cnbc
2023-10-31 00:03:54 INFO  Log:14 - Reading from Excelsearch_assert_value=Stock Markets, Business News, Financials, Earnings - CNBC
2023-10-31 00:03:54 INFO  Log:14 - Reading from ExcelpageTitle=test
2023-10-31 00:03:54 INFO  Log:14 - Reading from ExcelUrlContians=UrlContians
2023-10-31 00:03:54 INFO  Log:14 - Adding to Excel LinkedHashMap{engine_url_variable=bingUrl, search_string=cnbc, search_assert_value=Stock Markets, Business News, Financials, Earnings - CNBC, pageTitle=test, UrlContians=UrlContians}
2023-10-31 00:03:54 INFO  Log:14 - ConfigProvider - getAsString: parameter = https://bing.com
2023-10-31 00:03:56 INFO  Log:14 - AssertEquals: Actual - 
2023-10-31 00:03:56 INFO  Log:14 - AssertEquals: Expected - Stock Markets, Business News, Financials, Earnings - CNBC
2023-10-31 00:03:56 INFO  Log:14 - TC004_check_the_search_engine_bing_excel test is failed.
]]></system-out>
  </testcase>
</testsuite>