<?xml version="1.0" encoding="UTF-8"?>
<testsuite xmlns:xsi="http://www.w3.org/2001/XMLSchema-instance" xsi:noNamespaceSchemaLocation="https://maven.apache.org/surefire/maven-surefire-plugin/xsd/surefire-test-report-3.0.xsd" version="3.0" name="TestSuite" time="141.45" tests="8" errors="0" skipped="2" failures="0">
  <properties>
[...]
</properties>
  <testcase name="TC001_check_the_search_engine_google_JSON[public void com.clover.solution.ui.test.TC001_check_the_search_engine_google_JSON.TC001_check_the_search_engine_google_JSON(java.lang.reflect.Method)](1)" classname="com.clover.solution.ui.test.TC001_check_the_search_engine_google_JSON" time="7.027">
    <system-out><![CDATA[2023-10-30 13:39:04 INFO  Log:14 - BaseTest-Creating the --ConfigProvider-- object for whole test execution flow
2023-10-30 13:39:04 INFO  Log:14 - BaseTest-Creating the --DriverManager-- object for whoel test execution flow
2023-10-30 13:39:04 INFO  Log:14 - BaseTest-Creating the --ConfigProvider-- object for whole test execution flow
2023-10-30 13:39:04 INFO  Log:14 - BaseTest-Creating the --DriverManager-- object for whoel test execution flow
2023-10-30 13:39:04 INFO  Log:14 - BaseTest-Creating the --ConfigProvider-- object for whole test execution flow
2023-10-30 13:39:04 INFO  Log:14 - BaseTest-Creating the --DriverManager-- object for whoel test execution flow
2023-10-30 13:39:04 INFO  Log:14 - BaseTest-Creating the --ConfigProvider-- object for whole test execution flow
2023-10-30 13:39:04 INFO  Log:14 - BaseTest-Creating the --DriverManager-- object for whoel test execution flow
2023-10-30 13:39:04 INFO  Log:14 - BaseTest-Creating the --ConfigProvider-- object for whole test execution flow
2023-10-30 13:39:04 INFO  Log:14 - BaseTest-Creating the --DriverManager-- object for whoel test execution flow
2023-10-30 13:39:04 INFO  Log:14 - BaseTest-Creating the --ConfigProvider-- object for whole test execution flow
2023-10-30 13:39:04 INFO  Log:14 - BaseTest-Creating the --DriverManager-- object for whoel test execution flow
2023-10-30 13:39:04 INFO  Log:14 - I am in onStart method Testing the Google search engine using JSON data file as source
2023-10-30 13:39:04 INFO  Log:14 - ConfigProvider - getAsString: parameter = CHROMEHEADLESS
2023-10-30 13:39:06 INFO  Log:14 - DriverManager-Setting up the Timeouts & window Maximize
2023-10-30 13:39:06 INFO  Log:14 - ConfigProvider - getAsString: parameter = 30
2023-10-30 13:39:06 INFO  Log:14 - ConfigProvider - getAsString: parameter = 30
2023-10-30 13:39:06 INFO  Log:14 - DriverManager-Inilizing the Browser configuration
2023-10-30 13:39:06 INFO  Log:14 - DriverManager-Inilizing the Master Driver thread
2023-10-30 13:39:06 INFO  Log:14 - Tests is starting!
2023-10-30 13:39:06 INFO  Log:14 - Starting the Test & Opening up the WebDriver
2023-10-30 13:39:06 INFO  Log:14 - ConfigProvider - getAsString: parameter = 30
2023-10-30 13:39:06 INFO  Log:14 - ConfigProvider - getAsString: parameter = 1
2023-10-30 13:39:06 INFO  Log:14 - ConfigProvider - getAsString: parameter = 30
2023-10-30 13:39:06 INFO  Log:14 - ConfigProvider - getAsString: parameter = 1
2023-10-30 13:39:06 INFO  Log:14 - ConfigProvider - getAsString: parameter = 30
2023-10-30 13:39:06 INFO  Log:14 - ConfigProvider - getAsString: parameter = 1
2023-10-30 13:39:06 INFO  Log:14 - ConfigProvider - getAsString: parameter = 30
2023-10-30 13:39:06 INFO  Log:14 - ConfigProvider - getAsString: parameter = 1
2023-10-30 13:39:06 INFO  Log:14 - ConfigProvider - getAsString: parameter = 15
2023-10-30 13:39:06 INFO  Log:14 - ConfigProvider - getAsString: parameter = 1
2023-10-30 13:39:06 INFO  Log:14 - ConfigProvider - getAsString: parameter = 30
2023-10-30 13:39:06 INFO  Log:14 - ConfigProvider - getAsString: parameter = 1
2023-10-30 13:39:06 INFO  Log:14 - ConfigProvider - getAsString: parameter = 30
2023-10-30 13:39:06 INFO  Log:14 - ConfigProvider - getAsString: parameter = 1
2023-10-30 13:39:06 INFO  Log:14 - ConfigProvider - getAsString: parameter = 30
2023-10-30 13:39:06 INFO  Log:14 - ConfigProvider - getAsString: parameter = 1
2023-10-30 13:39:06 INFO  Log:14 - com.clover.solution.ui.page.SearchPageCreating page constractor and its super
2023-10-30 13:39:06 INFO  Log:14 - Clearing the cookies
2023-10-30 13:39:06 INFO  Log:14 - TC001_check_the_search_engine_google_JSON test is starting.
2023-10-30 13:39:06 INFO  Log:14 - JSON file reader from path - /media/rocky/81e509c3-f680-4aca-ae97-4b9ba8161528/Workspace-SeleniumKarate/clover.solution.ui/src//main//java//com//clover//solution//ui//data//TC001_check_the_search_engine_google_JSON.json
[{"engine_url_variable":"googleUrl","password":"password","browser":"CHROME","search_assert_value":"CNBC: Stock Markets, Business News, Financials, Earnings","env":"test","search_string":"cnbc","username":"username"},{"engine_url_variable":"googleUrl","password":"password","browser":"CHROME","search_assert_value":"CNBC: Stock Markets, Business News, Financials, Earnings","env":"test","search_string":"cnbc","username":"username"}]
2023-10-30 13:39:06 INFO  Log:14 - Adding Key and Value from JSON file - engine_url_variable=googleUrl
2023-10-30 13:39:06 INFO  Log:14 - Adding Key and Value from JSON file - password=password
2023-10-30 13:39:06 INFO  Log:14 - Adding Key and Value from JSON file - browser=CHROME
2023-10-30 13:39:06 INFO  Log:14 - Adding Key and Value from JSON file - search_assert_value=CNBC: Stock Markets, Business News, Financials, Earnings
2023-10-30 13:39:06 INFO  Log:14 - Adding Key and Value from JSON file - env=test
2023-10-30 13:39:06 INFO  Log:14 - Adding Key and Value from JSON file - search_string=cnbc
2023-10-30 13:39:06 INFO  Log:14 - Adding Key and Value from JSON file - username=username
2023-10-30 13:39:06 INFO  Log:14 - Adding the hashmap value to LinkedList - {engine_url_variable=googleUrl, password=password, browser=CHROME, search_assert_value=CNBC: Stock Markets, Business News, Financials, Earnings, env=test, search_string=cnbc, username=username}
2023-10-30 13:39:06 INFO  Log:14 - Adding Key and Value from JSON file - engine_url_variable=googleUrl
2023-10-30 13:39:06 INFO  Log:14 - Adding Key and Value from JSON file - password=password
2023-10-30 13:39:06 INFO  Log:14 - Adding Key and Value from JSON file - browser=CHROME
2023-10-30 13:39:06 INFO  Log:14 - Adding Key and Value from JSON file - search_assert_value=CNBC: Stock Markets, Business News, Financials, Earnings
2023-10-30 13:39:06 INFO  Log:14 - Adding Key and Value from JSON file - env=test
2023-10-30 13:39:06 INFO  Log:14 - Adding Key and Value from JSON file - search_string=cnbc
2023-10-30 13:39:06 INFO  Log:14 - Adding Key and Value from JSON file - username=username
2023-10-30 13:39:06 INFO  Log:14 - Adding the hashmap value to LinkedList - {engine_url_variable=googleUrl, password=password, browser=CHROME, search_assert_value=CNBC: Stock Markets, Business News, Financials, Earnings, env=test, search_string=cnbc, username=username}
2023-10-30 13:39:06 INFO  Log:14 - ConfigProvider - getAsString: parameter = https://google.com
2023-10-30 13:39:13 INFO  Log:14 - AssertEquals: Actual - CNBC: Stock Markets, Business News, Financials, Earnings
2023-10-30 13:39:13 INFO  Log:14 - AssertEquals: Expected - CNBC: Stock Markets, Business News, Financials, Earnings
2023-10-30 13:39:13 INFO  Log:14 - TC001_check_the_search_engine_google_JSON test is succeed.
]]></system-out>
    <system-err><![CDATA[SLF4J: Failed to load class "org.slf4j.impl.StaticLoggerBinder".
SLF4J: Defaulting to no-operation (NOP) logger implementation
SLF4J: See http://www.slf4j.org/codes.html#StaticLoggerBinder for further details.
ERROR StatusLogger Log4j2 could not find a logging implementation. Please add log4j-core to the classpath. Using SimpleLogger to log to the console...
ChromeDriver was started successfully.
Oct 30, 2023 1:39:06 PM org.openqa.selenium.devtools.CdpVersionFinder findNearestMatch
WARNING: Unable to find CDP implementation matching 114
Oct 30, 2023 1:39:06 PM org.openqa.selenium.chromium.ChromiumDriver lambda$new$3
WARNING: Unable to find version of CDP to use for . You may need to include a dependency on a specific version of the CDP using something similar to `org.seleniumhq.selenium:selenium-devtools-v86:4.8.0` where the version ("v86") matches the version of the chromium-based browser you're using and the version number of the artifact is the same as Selenium's.
]]></system-err>
  </testcase>
  <testcase name="TC002_check_the_search_engine_Google_Normal1[public void com.clover.solution.ui.test.TC002_check_the_search_engine_Google_Normal.TC002_check_the_search_engine_Google_Normal1(java.lang.reflect.Method)](1)" classname="com.clover.solution.ui.test.TC002_check_the_search_engine_Google_Normal" time="4.483">
    <system-out><![CDATA[2023-10-30 13:39:13 INFO  Log:14 - Clearing the cookies
2023-10-30 13:39:13 INFO  Log:14 - WebDriver is cooling down
2023-10-30 13:39:13 INFO  Log:14 - I am in onFinish method Testing the Google search engine using JSON data file as source
2023-10-30 13:39:13 INFO  Log:14 - I am in onStart method Testing the Google search engine using direct data by calling detailed method in page class
2023-10-30 13:39:13 INFO  Log:14 - Tests is starting!
2023-10-30 13:39:13 INFO  Log:14 - Starting the Test & Opening up the WebDriver
2023-10-30 13:39:13 INFO  Log:14 - ConfigProvider - getAsString: parameter = 30
2023-10-30 13:39:13 INFO  Log:14 - ConfigProvider - getAsString: parameter = 1
2023-10-30 13:39:13 INFO  Log:14 - com.clover.solution.ui.page.SearchPageCreating page constractor and its super
2023-10-30 13:39:13 INFO  Log:14 - Clearing the cookies
2023-10-30 13:39:13 INFO  Log:14 - TC002_check_the_search_engine_Google_Normal1 test is starting.
2023-10-30 13:39:13 INFO  Log:14 - ConfigProvider - getAsString: parameter = https://google.com
2023-10-30 13:39:18 INFO  Log:14 - AssertEquals: Actual - CNBC: Stock Markets, Business News, Financials, Earnings
2023-10-30 13:39:18 INFO  Log:14 - AssertEquals: Expected - CNBC: Stock Markets, Business News, Financials, Earnings
2023-10-30 13:39:18 INFO  Log:14 - TC002_check_the_search_engine_Google_Normal1 test is succeed.
]]></system-out>
  </testcase>
  <testcase name="TC003_check_the_search_engine_Google_type2[public void com.clover.solution.ui.test.TC002_check_the_search_engine_Google_Normal.TC003_check_the_search_engine_Google_type2(java.lang.reflect.Method)](1)" classname="com.clover.solution.ui.test.TC002_check_the_search_engine_Google_Normal" time="3.692">
    <system-out><![CDATA[2023-10-30 13:39:18 INFO  Log:14 - Clearing the cookies
2023-10-30 13:39:18 INFO  Log:14 - WebDriver is cooling down
2023-10-30 13:39:18 INFO  Log:14 - Tests is starting!
2023-10-30 13:39:18 INFO  Log:14 - Starting the Test & Opening up the WebDriver
2023-10-30 13:39:18 INFO  Log:14 - ConfigProvider - getAsString: parameter = 30
2023-10-30 13:39:18 INFO  Log:14 - ConfigProvider - getAsString: parameter = 1
2023-10-30 13:39:18 INFO  Log:14 - com.clover.solution.ui.page.SearchPageCreating page constractor and its super
2023-10-30 13:39:18 INFO  Log:14 - Clearing the cookies
2023-10-30 13:39:18 INFO  Log:14 - TC003_check_the_search_engine_Google_type2 test is starting.
2023-10-30 13:39:18 INFO  Log:14 - ConfigProvider - getAsString: parameter = https://google.com
2023-10-30 13:39:21 INFO  Log:14 - AssertEquals: Actual - CNBC: Stock Markets, Business News, Financials, Earnings
2023-10-30 13:39:21 INFO  Log:14 - AssertEquals: Expected - CNBC: Stock Markets, Business News, Financials, Earnings
2023-10-30 13:39:21 INFO  Log:14 - TC003_check_the_search_engine_Google_type2 test is succeed.
]]></system-out>
  </testcase>
  <testcase name="TC003_check_the_search_engine_Google_type[public void com.clover.solution.ui.test.TC003_check_the_search_engine_Google_type2.TC003_check_the_search_engine_Google_type(java.lang.reflect.Method)](1)" classname="com.clover.solution.ui.test.TC003_check_the_search_engine_Google_type2" time="4.127">
    <system-out><![CDATA[2023-10-30 13:39:21 INFO  Log:14 - Clearing the cookies
2023-10-30 13:39:21 INFO  Log:14 - WebDriver is cooling down
2023-10-30 13:39:21 INFO  Log:14 - I am in onFinish method Testing the Google search engine using direct data by calling detailed method in page class
2023-10-30 13:39:21 INFO  Log:14 - I am in onStart method Testing the Google search engine using the declared method in page class from test
2023-10-30 13:39:21 INFO  Log:14 - Tests is starting!
2023-10-30 13:39:21 INFO  Log:14 - Starting the Test & Opening up the WebDriver
2023-10-30 13:39:21 INFO  Log:14 - ConfigProvider - getAsString: parameter = 30
2023-10-30 13:39:21 INFO  Log:14 - ConfigProvider - getAsString: parameter = 1
2023-10-30 13:39:21 INFO  Log:14 - com.clover.solution.ui.page.SearchPageCreating page constractor and its super
2023-10-30 13:39:21 INFO  Log:14 - Clearing the cookies
2023-10-30 13:39:21 INFO  Log:14 - TC003_check_the_search_engine_Google_type test is starting.
2023-10-30 13:39:21 INFO  Log:14 - ConfigProvider - getAsString: parameter = https://google.com
2023-10-30 13:39:26 INFO  Log:14 - AssertEquals: Actual - CNBC: Stock Markets, Business News, Financials, Earnings
2023-10-30 13:39:26 INFO  Log:14 - AssertEquals: Expected - CNBC: Stock Markets, Business News, Financials, Earnings
2023-10-30 13:39:26 INFO  Log:14 - TC003_check_the_search_engine_Google_type test is succeed.
]]></system-out>
  </testcase>
  <testcase name="TC004_check_the_Clover_Site_JSON[public void com.clover.solution.ui.test.TC004_check_the_Clover_Site.TC004_check_the_Clover_Site_JSON(java.lang.reflect.Method)](1)" classname="com.clover.solution.ui.test.TC004_check_the_Clover_Site" time="0.0">
    <skipped message="expected [Find the right solution to power your business] but found [ERROR]"/>
    <system-out><![CDATA[2023-10-30 13:39:26 INFO  Log:14 - Clearing the cookies
2023-10-30 13:39:26 INFO  Log:14 - WebDriver is cooling down
2023-10-30 13:39:26 INFO  Log:14 - I am in onFinish method Testing the Google search engine using the declared method in page class from test
2023-10-30 13:39:26 INFO  Log:14 - I am in onStart method Testing the clover site login, validate and navigating to pricing page and valdiate
2023-10-30 13:39:26 INFO  Log:14 - Tests is starting!
2023-10-30 13:39:26 INFO  Log:14 - Starting the Test & Opening up the WebDriver
2023-10-30 13:39:26 INFO  Log:14 - ConfigProvider - getAsString: parameter = 30
2023-10-30 13:39:26 INFO  Log:14 - ConfigProvider - getAsString: parameter = 1
2023-10-30 13:39:26 INFO  Log:14 - com.clover.solution.ui.page.CloverPageCreating page constractor and its super
2023-10-30 13:39:26 INFO  Log:14 - Clearing the cookies
2023-10-30 13:39:26 INFO  Log:14 - TC004_check_the_Clover_Site_JSON test is starting.
2023-10-30 13:39:26 INFO  Log:14 - JSON file reader from path - /media/rocky/81e509c3-f680-4aca-ae97-4b9ba8161528/Workspace-SeleniumKarate/clover.solution.ui/src//main//java//com//clover//solution//ui//data//TC004_check_the_Clover_Site_JSON.json
[{"engine_url_variable":"cloverUrl","password":"password","ExpectedPricingString":"Find the right solution to power your business","UrlContians":"www.clover.com","pageTitle":"Clover","browser":"CHROME","search_assert_value":"The all\u2011in\u2011one system to help your business thrive","env":"test","search_string":"cnbc","username":"username"}]
2023-10-30 13:39:26 INFO  Log:14 - Adding Key and Value from JSON file - engine_url_variable=cloverUrl
2023-10-30 13:39:26 INFO  Log:14 - Adding Key and Value from JSON file - password=password
2023-10-30 13:39:26 INFO  Log:14 - Adding Key and Value from JSON file - ExpectedPricingString=Find the right solution to power your business
2023-10-30 13:39:26 INFO  Log:14 - Adding Key and Value from JSON file - UrlContians=www.clover.com
2023-10-30 13:39:26 INFO  Log:14 - Adding Key and Value from JSON file - pageTitle=Clover
2023-10-30 13:39:26 INFO  Log:14 - Adding Key and Value from JSON file - browser=CHROME
2023-10-30 13:39:26 INFO  Log:14 - Adding Key and Value from JSON file - search_assert_value=The all‑in‑one system to help your business thrive
2023-10-30 13:39:26 INFO  Log:14 - Adding Key and Value from JSON file - env=test
2023-10-30 13:39:26 INFO  Log:14 - Adding Key and Value from JSON file - search_string=cnbc
2023-10-30 13:39:26 INFO  Log:14 - Adding Key and Value from JSON file - username=username
2023-10-30 13:39:26 INFO  Log:14 - Adding the hashmap value to LinkedList - {engine_url_variable=cloverUrl, password=password, ExpectedPricingString=Find the right solution to power your business, UrlContians=www.clover.com, pageTitle=Clover, browser=CHROME, search_assert_value=The all‑in‑one system to help your business thrive, env=test, search_string=cnbc, username=username}
2023-10-30 13:39:26 INFO  Log:14 - ConfigProvider - getAsString: parameter = https://clover.com
2023-10-30 13:39:34 INFO  Log:14 - AssertPageTitle: Actual - Credit Card Processing for Small Businesses | POS Solutions | Clover
2023-10-30 13:39:34 INFO  Log:14 - AssertPageTitle: Expected - Clover
2023-10-30 13:39:34 INFO  Log:14 - AssertPageURL: Actual - https://www.clover.com/
2023-10-30 13:39:34 INFO  Log:14 - AssertPageURL: Expected - www.clover.com
2023-10-30 13:39:34 INFO  Log:14 - AssertEquals: Actual - The all‑in‑one system to help your business thrive
2023-10-30 13:39:34 INFO  Log:14 - AssertEquals: Expected - The all‑in‑one system to help your business thrive
2023-10-30 13:39:34 INFO  Log:14 - ConfigProvider - getAsString: parameter = CHROMEHEADLESS
2023-10-30 13:40:05 ERROR Log:24 - Error in getElement with Expected Condition
2023-10-30 13:40:05 ERROR Log:24 - com.clover.solution.ui.page.CloverPage-Exception in clickTheElementnull
2023-10-30 13:40:05 INFO  Log:14 - AssertEquals: Actual - ERROR
2023-10-30 13:40:05 INFO  Log:14 - AssertEquals: Expected - Find the right solution to power your business
2023-10-30 13:40:05 INFO  Log:14 - TC004_check_the_Clover_Site_JSON test is skipped.
]]></system-out>
  </testcase>
  <testcase name="TC004_check_the_Clover_Site_JSON[public void com.clover.solution.ui.test.TC004_check_the_Clover_Site.TC004_check_the_Clover_Site_JSON(java.lang.reflect.Method)](2)" classname="com.clover.solution.ui.test.TC004_check_the_Clover_Site" time="10.179">
    <system-out><![CDATA[2023-10-30 13:40:06 INFO  Log:14 - Clearing the cookies
2023-10-30 13:40:06 INFO  Log:14 - WebDriver is cooling down
2023-10-30 13:40:06 INFO  Log:14 - Tests is starting!
2023-10-30 13:40:06 INFO  Log:14 - Starting the Test & Opening up the WebDriver
2023-10-30 13:40:06 INFO  Log:14 - ConfigProvider - getAsString: parameter = 30
2023-10-30 13:40:06 INFO  Log:14 - ConfigProvider - getAsString: parameter = 1
2023-10-30 13:40:06 INFO  Log:14 - com.clover.solution.ui.page.CloverPageCreating page constractor and its super
2023-10-30 13:40:06 INFO  Log:14 - Clearing the cookies
2023-10-30 13:40:06 INFO  Log:14 - TC004_check_the_Clover_Site_JSON test is starting.
2023-10-30 13:40:06 INFO  Log:14 - JSON file reader from path - /media/rocky/81e509c3-f680-4aca-ae97-4b9ba8161528/Workspace-SeleniumKarate/clover.solution.ui/src//main//java//com//clover//solution//ui//data//TC004_check_the_Clover_Site_JSON.json
[{"engine_url_variable":"cloverUrl","password":"password","ExpectedPricingString":"Find the right solution to power your business","UrlContians":"www.clover.com","pageTitle":"Clover","browser":"CHROME","search_assert_value":"The all\u2011in\u2011one system to help your business thrive","env":"test","search_string":"cnbc","username":"username"}]
2023-10-30 13:40:06 INFO  Log:14 - Adding Key and Value from JSON file - engine_url_variable=cloverUrl
2023-10-30 13:40:06 INFO  Log:14 - Adding Key and Value from JSON file - password=password
2023-10-30 13:40:06 INFO  Log:14 - Adding Key and Value from JSON file - ExpectedPricingString=Find the right solution to power your business
2023-10-30 13:40:06 INFO  Log:14 - Adding Key and Value from JSON file - UrlContians=www.clover.com
2023-10-30 13:40:06 INFO  Log:14 - Adding Key and Value from JSON file - pageTitle=Clover
2023-10-30 13:40:06 INFO  Log:14 - Adding Key and Value from JSON file - browser=CHROME
2023-10-30 13:40:06 INFO  Log:14 - Adding Key and Value from JSON file - search_assert_value=The all‑in‑one system to help your business thrive
2023-10-30 13:40:06 INFO  Log:14 - Adding Key and Value from JSON file - env=test
2023-10-30 13:40:06 INFO  Log:14 - Adding Key and Value from JSON file - search_string=cnbc
2023-10-30 13:40:06 INFO  Log:14 - Adding Key and Value from JSON file - username=username
2023-10-30 13:40:06 INFO  Log:14 - Adding the hashmap value to LinkedList - {engine_url_variable=cloverUrl, password=password, ExpectedPricingString=Find the right solution to power your business, UrlContians=www.clover.com, pageTitle=Clover, browser=CHROME, search_assert_value=The all‑in‑one system to help your business thrive, env=test, search_string=cnbc, username=username}
2023-10-30 13:40:06 INFO  Log:14 - ConfigProvider - getAsString: parameter = https://clover.com
2023-10-30 13:40:12 INFO  Log:14 - AssertPageTitle: Actual - Credit Card Processing for Small Businesses | POS Solutions | Clover
2023-10-30 13:40:12 INFO  Log:14 - AssertPageTitle: Expected - Clover
2023-10-30 13:40:12 INFO  Log:14 - AssertPageURL: Actual - https://www.clover.com/
2023-10-30 13:40:12 INFO  Log:14 - AssertPageURL: Expected - www.clover.com
2023-10-30 13:40:12 INFO  Log:14 - AssertEquals: Actual - The all‑in‑one system to help your business thrive
2023-10-30 13:40:12 INFO  Log:14 - AssertEquals: Expected - The all‑in‑one system to help your business thrive
2023-10-30 13:40:12 INFO  Log:14 - ConfigProvider - getAsString: parameter = CHROMEHEADLESS
2023-10-30 13:40:16 INFO  Log:14 - AssertEquals: Actual - Find the right solution to power your business
2023-10-30 13:40:16 INFO  Log:14 - AssertEquals: Expected - Find the right solution to power your business
2023-10-30 13:40:16 INFO  Log:14 - TC004_check_the_Clover_Site_JSON test is succeed.
]]></system-out>
  </testcase>
  <testcase name="TC004_check_the_search_engine_bing_excel[public void com.clover.solution.ui.test.TC004_check_the_search_engine_bing_exceldata.TC004_check_the_search_engine_bing_excel(java.lang.reflect.Method)](1)" classname="com.clover.solution.ui.test.TC004_check_the_search_engine_bing_exceldata" time="0.0">
    <skipped message="expected [Stock Markets, Business News, Financials, Earnings - CNBC] but found [ERROR]"/>
    <system-out><![CDATA[2023-10-30 13:40:16 INFO  Log:14 - Clearing the cookies
2023-10-30 13:40:16 INFO  Log:14 - WebDriver is cooling down
2023-10-30 13:40:16 INFO  Log:14 - I am in onFinish method Testing the clover site login, validate and navigating to pricing page and valdiate
2023-10-30 13:40:17 INFO  Log:14 - I am in onStart method Testing the Bing search engine using Excel data file as source
2023-10-30 13:40:17 INFO  Log:14 - Tests is starting!
2023-10-30 13:40:17 INFO  Log:14 - Starting the Test & Opening up the WebDriver
2023-10-30 13:40:17 INFO  Log:14 - ConfigProvider - getAsString: parameter = 30
2023-10-30 13:40:17 INFO  Log:14 - ConfigProvider - getAsString: parameter = 1
2023-10-30 13:40:17 INFO  Log:14 - com.clover.solution.ui.page.SearchPageCreating page constractor and its super
2023-10-30 13:40:17 INFO  Log:14 - Clearing the cookies
2023-10-30 13:40:17 INFO  Log:14 - TC004_check_the_search_engine_bing_excel test is starting.
2023-10-30 13:40:17 INFO  Log:14 - Reading from Excelengine_url_variable=googleUrl
2023-10-30 13:40:17 INFO  Log:14 - Reading from Excelsearch_string=cnbc
2023-10-30 13:40:17 INFO  Log:14 - Reading from Excelsearch_assert_value=CNBC: Stock Markets, Business News, Financials, Earnings
2023-10-30 13:40:17 INFO  Log:14 - Reading from ExcelpageTitle=test
2023-10-30 13:40:17 INFO  Log:14 - Reading from ExcelUrlContians=UrlContians
2023-10-30 13:40:17 INFO  Log:14 - Adding to Excel LinkedHashMap{engine_url_variable=googleUrl, search_string=cnbc, search_assert_value=CNBC: Stock Markets, Business News, Financials, Earnings, pageTitle=test, UrlContians=UrlContians}
2023-10-30 13:40:17 INFO  Log:14 - Reading from Excelengine_url_variable=bingUrl
2023-10-30 13:40:17 INFO  Log:14 - Reading from Excelsearch_string=cnbc
2023-10-30 13:40:17 INFO  Log:14 - Reading from Excelsearch_assert_value=Stock Markets, Business News, Financials, Earnings - CNBC
2023-10-30 13:40:17 INFO  Log:14 - Reading from ExcelpageTitle=test
2023-10-30 13:40:17 INFO  Log:14 - Reading from ExcelUrlContians=UrlContians
2023-10-30 13:40:17 INFO  Log:14 - Adding to Excel LinkedHashMap{engine_url_variable=bingUrl, search_string=cnbc, search_assert_value=Stock Markets, Business News, Financials, Earnings - CNBC, pageTitle=test, UrlContians=UrlContians}
2023-10-30 13:40:17 INFO  Log:14 - ConfigProvider - getAsString: parameter = https://bing.com
2023-10-30 13:40:48 ERROR Log:24 - Error in getElement with Expected Condition
2023-10-30 13:40:48 ERROR Log:24 - com.clover.solution.ui.page.SearchPage-Exception in clickTheElementnull
2023-10-30 13:41:19 ERROR Log:24 - Error in getElement with Expected Condition
2023-10-30 13:41:19 ERROR Log:24 - com.clover.solution.ui.page.SearchPage-Exception in clickTheElementnull
2023-10-30 13:41:19 INFO  Log:14 - AssertEquals: Actual - ERROR
2023-10-30 13:41:19 INFO  Log:14 - AssertEquals: Expected - Stock Markets, Business News, Financials, Earnings - CNBC
2023-10-30 13:41:20 INFO  Log:14 - TC004_check_the_search_engine_bing_excel test is skipped.
]]></system-out>
  </testcase>
  <testcase name="TC004_check_the_search_engine_bing_excel[public void com.clover.solution.ui.test.TC004_check_the_search_engine_bing_exceldata.TC004_check_the_search_engine_bing_excel(java.lang.reflect.Method)](2)" classname="com.clover.solution.ui.test.TC004_check_the_search_engine_bing_exceldata" time="3.571">
    <system-out><![CDATA[2023-10-30 13:41:20 INFO  Log:14 - Clearing the cookies
2023-10-30 13:41:20 INFO  Log:14 - WebDriver is cooling down
2023-10-30 13:41:20 INFO  Log:14 - Tests is starting!
2023-10-30 13:41:20 INFO  Log:14 - Starting the Test & Opening up the WebDriver
2023-10-30 13:41:20 INFO  Log:14 - ConfigProvider - getAsString: parameter = 30
2023-10-30 13:41:20 INFO  Log:14 - ConfigProvider - getAsString: parameter = 1
2023-10-30 13:41:20 INFO  Log:14 - com.clover.solution.ui.page.SearchPageCreating page constractor and its super
2023-10-30 13:41:20 INFO  Log:14 - Clearing the cookies
2023-10-30 13:41:20 INFO  Log:14 - TC004_check_the_search_engine_bing_excel test is starting.
2023-10-30 13:41:20 INFO  Log:14 - Reading from Excelengine_url_variable=googleUrl
2023-10-30 13:41:20 INFO  Log:14 - Reading from Excelsearch_string=cnbc
2023-10-30 13:41:20 INFO  Log:14 - Reading from Excelsearch_assert_value=CNBC: Stock Markets, Business News, Financials, Earnings
2023-10-30 13:41:20 INFO  Log:14 - Reading from ExcelpageTitle=test
2023-10-30 13:41:20 INFO  Log:14 - Reading from ExcelUrlContians=UrlContians
2023-10-30 13:41:20 INFO  Log:14 - Adding to Excel LinkedHashMap{engine_url_variable=googleUrl, search_string=cnbc, search_assert_value=CNBC: Stock Markets, Business News, Financials, Earnings, pageTitle=test, UrlContians=UrlContians}
2023-10-30 13:41:20 INFO  Log:14 - Reading from Excelengine_url_variable=bingUrl
2023-10-30 13:41:20 INFO  Log:14 - Reading from Excelsearch_string=cnbc
2023-10-30 13:41:20 INFO  Log:14 - Reading from Excelsearch_assert_value=Stock Markets, Business News, Financials, Earnings - CNBC
2023-10-30 13:41:20 INFO  Log:14 - Reading from ExcelpageTitle=test
2023-10-30 13:41:20 INFO  Log:14 - Reading from ExcelUrlContians=UrlContians
2023-10-30 13:41:20 INFO  Log:14 - Adding to Excel LinkedHashMap{engine_url_variable=bingUrl, search_string=cnbc, search_assert_value=Stock Markets, Business News, Financials, Earnings - CNBC, pageTitle=test, UrlContians=UrlContians}
2023-10-30 13:41:20 INFO  Log:14 - ConfigProvider - getAsString: parameter = https://bing.com
2023-10-30 13:41:23 INFO  Log:14 - AssertEquals: Actual - Stock Markets, Business News, Financials, Earnings - CNBC
2023-10-30 13:41:23 INFO  Log:14 - AssertEquals: Expected - Stock Markets, Business News, Financials, Earnings - CNBC
2023-10-30 13:41:23 INFO  Log:14 - TC004_check_the_search_engine_bing_excel test is succeed.
]]></system-out>
  </testcase>
</testsuite>